<?xml version="1.0" encoding="UTF-8"?>
<!-- Generated by org.testng.reporters.JUnitReportReporter -->
<testsuite hostname="LAPTOP-HJ6DPI2A" failures="0" tests="1" name="TestCase.Test1" time="11.878" errors="0" timestamp="2025-03-11T11:24:14 IST" skipped="0">
  <testcase classname="TestCase.Test1" name="TestTitle" time="11.878">
    <system-out>
      <![CDATA[Screenshot taken by name title]]>
    </system-out>
  </testcase> <!-- TestTitle -->
  <system-out>
    <![CDATA[Screenshot taken by name title]]>
  </system-out>
</testsuite> <!-- TestCase.Test1 -->
