<?xml version="1.0" encoding="UTF-8"?>
<!-- Generated by org.testng.reporters.JUnitReportReporter -->
<testsuite hostname="LAPTOP-HJ6DPI2A" failures="0" tests="1" name="TestCase.Test2" time="12.130" errors="0" timestamp="2025-03-11T11:24:14 IST" skipped="0">
  <testcase classname="TestCase.Test2" name="Testloginbutton" time="12.130"/>
  <system-out>
    <![CDATA[Screenshot taken by name title]]>
  </system-out>
</testsuite> <!-- TestCase.Test2 -->
