<?xml version="1.0" encoding="UTF-8"?>
<!-- Generated by org.testng.reporters.JUnitReportReporter -->
<testsuite hostname="LAPTOP-HJ6DPI2A" failures="0" tests="1" name="TestCase.Test3" time="8.423" errors="0" timestamp="2025-03-11T11:24:14 IST" skipped="0">
  <testcase classname="TestCase.Test3" name="TestMenu" time="8.423"/>
  <system-out>
    <![CDATA[Screenshot taken by name title]]>
  </system-out>
</testsuite> <!-- TestCase.Test3 -->
